# JRE version: OpenJDK Runtime Environment Microsoft-40648 (11.0.16.1+1) (build 11.0.16.1+1-LTS)
# Java VM: OpenJDK 64-Bit Server VM Microsoft-40648 (11.0.16.1+1-LTS, mixed mode, tiered, compressed oops, g1 gc, windows-amd64)
Heap:
 garbage-first heap   total 221184K, used 65536K [0x0000000080a00000, 0x0000000100000000)
  region size 1024K, 3 young (3072K), 3 survivors (3072K)
 Metaspace       used 18053K, capacity 18396K, committed 18432K, reserved 1067008K
  class space    used 1665K, capacity 1787K, committed 1792K, reserved 1048576K
GC Heap History (20 events):
Event: 4.930 GC heap after
{Heap after GC invocations=39 (full 0):
 garbage-first heap   total 35840K, used 18323K [0x0000000080a00000, 0x0000000100000000)
  region size 1024K, 1 young (1024K), 1 survivors (1024K)
 Metaspace       used 13782K, capacity 14116K, committed 14336K, reserved 1062912K
  class space    used 1409K, capacity 1503K, committed 1536K, reserved 1048576K
}
Event: 5.025 GC heap before
{Heap before GC invocations=40 (full 0):
 garbage-first heap   total 45056K, used 32659K [0x0000000080a00000, 0x0000000100000000)
  region size 1024K, 2 young (2048K), 1 survivors (1024K)
 Metaspace       used 13782K, capacity 14116K, committed 14336K, reserved 1062912K
  class space    used 1409K, capacity 1503K, committed 1536K, reserved 1048576K
}
Event: 5.026 GC heap after
{Heap after GC invocations=41 (full 0):
 garbage-first heap   total 45056K, used 18461K [0x0000000080a00000, 0x0000000100000000)
  region size 1024K, 1 young (1024K), 1 survivors (1024K)
 Metaspace       used 13782K, capacity 14116K, committed 14336K, reserved 1062912K
  class space    used 1409K, capacity 1503K, committed 1536K, reserved 1048576K
}
Event: 5.097 GC heap before
{Heap before GC invocations=42 (full 0):
 garbage-first heap   total 45056K, used 22557K [0x0000000080a00000, 0x0000000100000000)
  region size 1024K, 4 young (4096K), 1 survivors (1024K)
 Metaspace       used 13782K, capacity 14116K, committed 14336K, reserved 1062912K
  class space    used 1409K, capacity 1503K, committed 1536K, reserved 1048576K
}
Event: 5.101 GC heap after
{Heap after GC invocations=43 (full 0):
 garbage-first heap   total 68608K, used 21430K [0x0000000080a00000, 0x0000000100000000)
  region size 1024K, 2 young (2048K), 2 survivors (2048K)
 Metaspace       used 13782K, capacity 14116K, committed 14336K, reserved 1062912K
  class space    used 1409K, capacity 1503K, committed 1536K, reserved 1048576K
}
Event: 6.626 GC heap before
{Heap before GC invocations=44 (full 0):
 garbage-first heap   total 68608K, used 43958K [0x0000000080a00000, 0x0000000100000000)
  region size 1024K, 20 young (20480K), 2 survivors (2048K)
 Metaspace       used 14978K, capacity 15194K, committed 15488K, reserved 1062912K
  class space    used 1500K, capacity 1606K, committed 1664K, reserved 1048576K
}
Event: 6.652 GC heap after
{Heap after GC invocations=45 (full 0):
 garbage-first heap   total 68608K, used 29810K [0x0000000080a00000, 0x0000000100000000)
  region size 1024K, 3 young (3072K), 3 survivors (3072K)
 Metaspace       used 14978K, capacity 15194K, committed 15488K, reserved 1062912K
  class space    used 1500K, capacity 1606K, committed 1664K, reserved 1048576K
}
Event: 8.052 GC heap before
{Heap before GC invocations=45 (full 0):
 garbage-first heap   total 68608K, used 44146K [0x0000000080a00000, 0x0000000100000000)
  region size 1024K, 16 young (16384K), 3 survivors (3072K)
 Metaspace       used 15425K, capacity 15660K, committed 15744K, reserved 1062912K
  class space    used 1521K, capacity 1612K, committed 1664K, reserved 1048576K
}
Event: 8.067 GC heap after
{Heap after GC invocations=46 (full 0):
 garbage-first heap   total 68608K, used 33239K [0x0000000080a00000, 0x0000000100000000)
  region size 1024K, 2 young (2048K), 2 survivors (2048K)
 Metaspace       used 15425K, capacity 15660K, committed 15744K, reserved 1062912K
  class space    used 1521K, capacity 1612K, committed 1664K, reserved 1048576K
}
Event: 8.491 GC heap before
{Heap before GC invocations=46 (full 0):
 garbage-first heap   total 68608K, used 46551K [0x0000000080a00000, 0x0000000100000000)
  region size 1024K, 15 young (15360K), 2 survivors (2048K)
 Metaspace       used 15883K, capacity 16234K, committed 16384K, reserved 1064960K
  class space    used 1558K, capacity 1694K, committed 1792K, reserved 1048576K
}
Event: 8.521 GC heap after
{Heap after GC invocations=47 (full 0):
 garbage-first heap   total 68608K, used 41307K [0x0000000080a00000, 0x0000000100000000)
  region size 1024K, 2 young (2048K), 2 survivors (2048K)
 Metaspace       used 15883K, capacity 16234K, committed 16384K, reserved 1064960K
  class space    used 1558K, capacity 1694K, committed 1792K, reserved 1048576K
}
Event: 8.599 GC heap before
{Heap before GC invocations=47 (full 0):
 garbage-first heap   total 68608K, used 49499K [0x0000000080a00000, 0x0000000100000000)
  region size 1024K, 10 young (10240K), 2 survivors (2048K)
 Metaspace       used 15923K, capacity 16242K, committed 16384K, reserved 1064960K
  class space    used 1561K, capacity 1697K, committed 1792K, reserved 1048576K
}
Event: 8.626 GC heap after
{Heap after GC invocations=48 (full 0):
 garbage-first heap   total 128000K, used 48128K [0x0000000080a00000, 0x0000000100000000)
  region size 1024K, 2 young (2048K), 2 survivors (2048K)
 Metaspace       used 15923K, capacity 16242K, committed 16384K, reserved 1064960K
  class space    used 1561K, capacity 1697K, committed 1792K, reserved 1048576K
}
Event: 9.525 GC heap before
{Heap before GC invocations=49 (full 0):
 garbage-first heap   total 128000K, used 73728K [0x0000000080a00000, 0x0000000100000000)
  region size 1024K, 25 young (25600K), 2 survivors (2048K)
 Metaspace       used 16196K, capacity 16510K, committed 16640K, reserved 1064960K
  class space    used 1565K, capacity 1697K, committed 1792K, reserved 1048576K
}
Event: 9.598 GC heap after
{Heap after GC invocations=50 (full 0):
 garbage-first heap   total 128000K, used 58368K [0x0000000080a00000, 0x0000000100000000)
  region size 1024K, 4 young (4096K), 4 survivors (4096K)
 Metaspace       used 16196K, capacity 16510K, committed 16640K, reserved 1064960K
  class space    used 1565K, capacity 1697K, committed 1792K, reserved 1048576K
}
Event: 10.109 GC heap before
{Heap before GC invocations=50 (full 0):
 garbage-first heap   total 128000K, used 80896K [0x0000000080a00000, 0x0000000100000000)
  region size 1024K, 26 young (26624K), 4 survivors (4096K)
 Metaspace       used 16280K, capacity 16584K, committed 16896K, reserved 1064960K
  class space    used 1566K, capacity 1698K, committed 1792K, reserved 1048576K
}
Event: 10.126 GC heap after
{Heap after GC invocations=51 (full 0):
 garbage-first heap   total 128000K, used 63374K [0x0000000080a00000, 0x0000000100000000)
  region size 1024K, 4 young (4096K), 4 survivors (4096K)
 Metaspace       used 16280K, capacity 16584K, committed 16896K, reserved 1064960K
  class space    used 1566K, capacity 1698K, committed 1792K, reserved 1048576K
}
Event: 12.398 GC heap before
{Heap before GC invocations=51 (full 0):
 garbage-first heap   total 128000K, used 85902K [0x0000000080a00000, 0x0000000100000000)
  region size 1024K, 26 young (26624K), 4 survivors (4096K)
 Metaspace       used 17724K, capacity 18009K, committed 18176K, reserved 1064960K
  class space    used 1664K, capacity 1787K, committed 1792K, reserved 1048576K
}
Event: 12.412 GC heap after
{Heap after GC invocations=52 (full 0):
 garbage-first heap   total 128000K, used 65794K [0x0000000080a00000, 0x0000000100000000)
  region size 1024K, 3 young (3072K), 3 survivors (3072K)
 Metaspace       used 17724K, capacity 18009K, committed 18176K, reserved 1064960K
  class space    used 1664K, capacity 1787K, committed 1792K, reserved 1048576K
}
Event: 13.671 GC heap before
{Heap before GC invocations=53 (full 0):
 garbage-first heap   total 128000K, used 87298K [0x0000000080a00000, 0x0000000100000000)
  region size 1024K, 25 young (25600K), 3 survivors (3072K)
 Metaspace       used 18053K, capacity 18396K, committed 18432K, reserved 1067008K
  class space    used 1665K, capacity 1787K, committed 1792K, reserved 1048576K
}

