# JRE version: OpenJDK Runtime Environment Microsoft-40648 (11.0.16.1+1) (build 11.0.16.1+1-LTS)
# Java VM: OpenJDK 64-Bit Server VM Microsoft-40648 (11.0.16.1+1-LTS, mixed mode, tiered, compressed oops, g1 gc, windows-amd64)
Heap:
 garbage-first heap   total 356352K, used 235454K [0x00000000c0000000, 0x0000000100000000)
  region size 1024K, 82 young (83968K), 11 survivors (11264K)
 Metaspace       used 25019K, capacity 25698K, committed 25816K, reserved 1073152K
  class space    used 2690K, capacity 2983K, committed 3072K, reserved 1048576K
GC Heap History (20 events):
Event: 25.301 GC heap before
{Heap before GC invocations=31 (full 0):
 garbage-first heap   total 356352K, used 308612K [0x00000000c0000000, 0x0000000100000000)
  region size 1024K, 159 young (162816K), 11 survivors (11264K)
 Metaspace       used 24951K, capacity 25607K, committed 25816K, reserved 1073152K
  class space    used 2684K, capacity 2974K, committed 3072K, reserved 1048576K
}
Event: 25.324 GC heap after
{Heap after GC invocations=32 (full 0):
 garbage-first heap   total 356352K, used 156550K [0x00000000c0000000, 0x0000000100000000)
  region size 1024K, 10 young (10240K), 10 survivors (10240K)
 Metaspace       used 24951K, capacity 25607K, committed 25816K, reserved 1073152K
  class space    used 2684K, capacity 2974K, committed 3072K, reserved 1048576K
}
Event: 26.325 GC heap before
{Heap before GC invocations=32 (full 0):
 garbage-first heap   total 356352K, used 310150K [0x00000000c0000000, 0x0000000100000000)
  region size 1024K, 160 young (163840K), 10 survivors (10240K)
 Metaspace       used 24959K, capacity 25608K, committed 25816K, reserved 1073152K
  class space    used 2684K, capacity 2974K, committed 3072K, reserved 1048576K
}
Event: 26.347 GC heap after
{Heap after GC invocations=33 (full 0):
 garbage-first heap   total 356352K, used 157574K [0x00000000c0000000, 0x0000000100000000)
  region size 1024K, 11 young (11264K), 11 survivors (11264K)
 Metaspace       used 24959K, capacity 25608K, committed 25816K, reserved 1073152K
  class space    used 2684K, capacity 2974K, committed 3072K, reserved 1048576K
}
Event: 27.135 GC heap before
{Heap before GC invocations=33 (full 0):
 garbage-first heap   total 356352K, used 309126K [0x00000000c0000000, 0x0000000100000000)
  region size 1024K, 159 young (162816K), 11 survivors (11264K)
 Metaspace       used 24968K, capacity 25620K, committed 25816K, reserved 1073152K
  class space    used 2686K, capacity 2978K, committed 3072K, reserved 1048576K
}
Event: 27.158 GC heap after
{Heap after GC invocations=34 (full 0):
 garbage-first heap   total 356352K, used 158669K [0x00000000c0000000, 0x0000000100000000)
  region size 1024K, 11 young (11264K), 11 survivors (11264K)
 Metaspace       used 24968K, capacity 25620K, committed 25816K, reserved 1073152K
  class space    used 2686K, capacity 2978K, committed 3072K, reserved 1048576K
}
Event: 28.437 GC heap before
{Heap before GC invocations=34 (full 0):
 garbage-first heap   total 356352K, used 309197K [0x00000000c0000000, 0x0000000100000000)
  region size 1024K, 158 young (161792K), 11 survivors (11264K)
 Metaspace       used 24970K, capacity 25620K, committed 25816K, reserved 1073152K
  class space    used 2686K, capacity 2978K, committed 3072K, reserved 1048576K
}
Event: 28.461 GC heap after
{Heap after GC invocations=35 (full 0):
 garbage-first heap   total 356352K, used 159181K [0x00000000c0000000, 0x0000000100000000)
  region size 1024K, 12 young (12288K), 12 survivors (12288K)
 Metaspace       used 24970K, capacity 25620K, committed 25816K, reserved 1073152K
  class space    used 2686K, capacity 2978K, committed 3072K, reserved 1048576K
}
Event: 29.522 GC heap before
{Heap before GC invocations=35 (full 0):
 garbage-first heap   total 356352K, used 307661K [0x00000000c0000000, 0x0000000100000000)
  region size 1024K, 157 young (160768K), 12 survivors (12288K)
 Metaspace       used 24979K, capacity 25684K, committed 25816K, reserved 1073152K
  class space    used 2687K, capacity 2978K, committed 3072K, reserved 1048576K
}
Event: 29.551 GC heap after
{Heap after GC invocations=36 (full 0):
 garbage-first heap   total 356352K, used 159646K [0x00000000c0000000, 0x0000000100000000)
  region size 1024K, 11 young (11264K), 11 survivors (11264K)
 Metaspace       used 24979K, capacity 25684K, committed 25816K, reserved 1073152K
  class space    used 2687K, capacity 2978K, committed 3072K, reserved 1048576K
}
Event: 32.131 GC heap before
{Heap before GC invocations=36 (full 0):
 garbage-first heap   total 356352K, used 309150K [0x00000000c0000000, 0x0000000100000000)
  region size 1024K, 157 young (160768K), 11 survivors (11264K)
 Metaspace       used 24981K, capacity 25684K, committed 25816K, reserved 1073152K
  class space    used 2687K, capacity 2978K, committed 3072K, reserved 1048576K
}
Event: 32.159 GC heap after
{Heap after GC invocations=37 (full 0):
 garbage-first heap   total 356352K, used 160615K [0x00000000c0000000, 0x0000000100000000)
  region size 1024K, 11 young (11264K), 11 survivors (11264K)
 Metaspace       used 24981K, capacity 25684K, committed 25816K, reserved 1073152K
  class space    used 2687K, capacity 2978K, committed 3072K, reserved 1048576K
}
Event: 33.411 GC heap before
{Heap before GC invocations=37 (full 0):
 garbage-first heap   total 356352K, used 309095K [0x00000000c0000000, 0x0000000100000000)
  region size 1024K, 156 young (159744K), 11 survivors (11264K)
 Metaspace       used 24982K, capacity 25684K, committed 25816K, reserved 1073152K
  class space    used 2687K, capacity 2978K, committed 3072K, reserved 1048576K
}
Event: 33.434 GC heap after
{Heap after GC invocations=38 (full 0):
 garbage-first heap   total 356352K, used 161970K [0x00000000c0000000, 0x0000000100000000)
  region size 1024K, 12 young (12288K), 12 survivors (12288K)
 Metaspace       used 24982K, capacity 25684K, committed 25816K, reserved 1073152K
  class space    used 2687K, capacity 2978K, committed 3072K, reserved 1048576K
}
Event: 34.393 GC heap before
{Heap before GC invocations=38 (full 0):
 garbage-first heap   total 356352K, used 307378K [0x00000000c0000000, 0x0000000100000000)
  region size 1024K, 154 young (157696K), 12 survivors (12288K)
 Metaspace       used 24992K, capacity 25690K, committed 25816K, reserved 1073152K
  class space    used 2688K, capacity 2980K, committed 3072K, reserved 1048576K
}
Event: 34.422 GC heap after
{Heap after GC invocations=39 (full 0):
 garbage-first heap   total 356352K, used 161817K [0x00000000c0000000, 0x0000000100000000)
  region size 1024K, 11 young (11264K), 11 survivors (11264K)
 Metaspace       used 24992K, capacity 25690K, committed 25816K, reserved 1073152K
  class space    used 2688K, capacity 2980K, committed 3072K, reserved 1048576K
}
Event: 35.453 GC heap before
{Heap before GC invocations=39 (full 0):
 garbage-first heap   total 356352K, used 308249K [0x00000000c0000000, 0x0000000100000000)
  region size 1024K, 154 young (157696K), 11 survivors (11264K)
 Metaspace       used 25001K, capacity 25698K, committed 25816K, reserved 1073152K
  class space    used 2690K, capacity 2983K, committed 3072K, reserved 1048576K
}
Event: 35.475 GC heap after
{Heap after GC invocations=40 (full 0):
 garbage-first heap   total 356352K, used 163138K [0x00000000c0000000, 0x0000000100000000)
  region size 1024K, 11 young (11264K), 11 survivors (11264K)
 Metaspace       used 25001K, capacity 25698K, committed 25816K, reserved 1073152K
  class space    used 2690K, capacity 2983K, committed 3072K, reserved 1048576K
}
Event: 36.800 GC heap before
{Heap before GC invocations=40 (full 0):
 garbage-first heap   total 356352K, used 308546K [0x00000000c0000000, 0x0000000100000000)
  region size 1024K, 153 young (156672K), 11 survivors (11264K)
 Metaspace       used 25016K, capacity 25698K, committed 25816K, reserved 1073152K
  class space    used 2690K, capacity 2983K, committed 3072K, reserved 1048576K
}
Event: 36.829 GC heap after
{Heap after GC invocations=41 (full 0):
 garbage-first heap   total 356352K, used 163774K [0x00000000c0000000, 0x0000000100000000)
  region size 1024K, 11 young (11264K), 11 survivors (11264K)
 Metaspace       used 25016K, capacity 25698K, committed 25816K, reserved 1073152K
  class space    used 2690K, capacity 2983K, committed 3072K, reserved 1048576K
}

